<?xml version="1.0" encoding="UTF-8"?>
<testng-results skipped="0" failed="1" ignored="0" total="2" passed="1">
  <reporter-output>
  </reporter-output>
  <suite name="Default suite" duration-ms="39205" started-at="2019-05-13T13:02:49Z" finished-at="2019-05-13T13:03:28Z">
    <groups>
    </groups>
    <test name="Default test" duration-ms="39205" started-at="2019-05-13T13:02:49Z" finished-at="2019-05-13T13:03:28Z">
      <class name="com.alm.qa.testcases.HomePageTest">
        <test-method status="PASS" signature="setup()[pri:0, instance:com.alm.qa.testcases.HomePageTest@1bce4f0a]" name="setup" is-config="true" duration-ms="25977" started-at="2019-05-13T13:02:49Z" finished-at="2019-05-13T13:03:15Z">
          <reporter-output>
          </reporter-output>
        </test-method> <!-- setup -->
        <test-method status="PASS" signature="verifyHomePageTitleTest()[pri:3, instance:com.alm.qa.testcases.HomePageTest@1bce4f0a]" name="verifyHomePageTitleTest" duration-ms="25" started-at="2019-05-13T13:03:15Z" finished-at="2019-05-13T13:03:15Z">
          <reporter-output>
          </reporter-output>
        </test-method> <!-- verifyHomePageTitleTest -->
        <test-method status="FAIL" signature="spfxNavTest()[pri:4, instance:com.alm.qa.testcases.HomePageTest@1bce4f0a]" name="spfxNavTest" duration-ms="13156" started-at="2019-05-13T13:03:15Z" finished-at="2019-05-13T13:03:28Z">
          <exception class="java.lang.AssertionError">
            <message>
              <![CDATA[Invalid page title expected [SPFx Package Deployments] but found [com.alm.qa.pages.Validation@238d68ff]]]>
            </message>
            <full-stacktrace>
              <![CDATA[java.lang.AssertionError: Invalid page title expected [SPFx Package Deployments] but found [com.alm.qa.pages.Validation@238d68ff]
at org.testng.Assert.fail(Assert.java:96)
at org.testng.Assert.failNotEquals(Assert.java:776)
at org.testng.Assert.assertEqualsImpl(Assert.java:137)
at org.testng.Assert.assertEquals(Assert.java:118)
at com.alm.qa.testcases.HomePageTest.spfxNavTest(HomePageTest.java:44)
at sun.reflect.NativeMethodAccessorImpl.invoke0(Native Method)
at sun.reflect.NativeMethodAccessorImpl.invoke(NativeMethodAccessorImpl.java:62)
at sun.reflect.DelegatingMethodAccessorImpl.invoke(DelegatingMethodAccessorImpl.java:43)
at java.lang.reflect.Method.invoke(Method.java:498)
at org.testng.internal.MethodInvocationHelper.invokeMethod(MethodInvocationHelper.java:124)
at org.testng.internal.Invoker.invokeMethod(Invoker.java:583)
at org.testng.internal.Invoker.invokeTestMethod(Invoker.java:719)
at org.testng.internal.Invoker.invokeTestMethods(Invoker.java:989)
at org.testng.internal.TestMethodWorker.invokeTestMethods(TestMethodWorker.java:125)
at org.testng.internal.TestMethodWorker.run(TestMethodWorker.java:109)
at org.testng.TestRunner.privateRun(TestRunner.java:648)
at org.testng.TestRunner.run(TestRunner.java:505)
at org.testng.SuiteRunner.runTest(SuiteRunner.java:455)
at org.testng.SuiteRunner.runSequentially(SuiteRunner.java:450)
at org.testng.SuiteRunner.privateRun(SuiteRunner.java:415)
at org.testng.SuiteRunner.run(SuiteRunner.java:364)
at org.testng.SuiteRunnerWorker.runSuite(SuiteRunnerWorker.java:52)
at org.testng.SuiteRunnerWorker.run(SuiteRunnerWorker.java:84)
at org.testng.TestNG.runSuitesSequentially(TestNG.java:1208)
at org.testng.TestNG.runSuitesLocally(TestNG.java:1137)
at org.testng.TestNG.runSuites(TestNG.java:1049)
at org.testng.TestNG.run(TestNG.java:1017)
at org.testng.remote.AbstractRemoteTestNG.run(AbstractRemoteTestNG.java:115)
at org.testng.remote.RemoteTestNG.initAndRun(RemoteTestNG.java:251)
at org.testng.remote.RemoteTestNG.main(RemoteTestNG.java:77)
]]>
            </full-stacktrace>
          </exception> <!-- java.lang.AssertionError -->
          <reporter-output>
          </reporter-output>
        </test-method> <!-- spfxNavTest -->
      </class> <!-- com.alm.qa.testcases.HomePageTest -->
    </test> <!-- Default test -->
  </suite> <!-- Default suite -->
</testng-results>
